Flow report for JogodaVida
Mon Apr 27 14:39:37 2026
Quartus Prime Version 23.1std.1 Build 993 05/14/2024 SC Standard Edition


---------------------
; Table of Contents ;
---------------------
  1. Legal Notice
  2. Flow Summary
  3. Flow Settings
  4. Flow Non-Default Global Settings
  5. Flow Elapsed Time
  6. Flow OS Summary
  7. Flow Log
  8. Flow Messages
  9. Flow Suppressed Messages



----------------
; Legal Notice ;
----------------
Copyright (C) 2024  Intel Corporation. All rights reserved.
Your use of Intel Corporation's design tools, logic functions 
and other software and tools, and any partner logic 
functions, and any output files from any of the foregoing 
(including device programming or simulation files), and any 
associated documentation or information are expressly subject 
to the terms and conditions of the Intel Program License 
Subscription Agreement, the Intel Quartus Prime License Agreement,
the Intel FPGA IP License Agreement, or other applicable license
agreement, including, without limitation, that your use is for
the sole purpose of programming logic devices manufactured by
Intel and sold by Intel or its authorized distributors.  Please
refer to the applicable agreement for further details, at
https://fpgasoftware.intel.com/eula.



+--------------------------------------------------------------------------------------+
; Flow Summary                                                                         ;
+---------------------------------+----------------------------------------------------+
; Flow Status                     ; Successful - Mon Apr 27 14:39:12 2026              ;
; Quartus Prime Version           ; 23.1std.1 Build 993 05/14/2024 SC Standard Edition ;
; Revision Name                   ; JogodaVida                                         ;
; Top-level Entity Name           ; JogodaVida                                         ;
; Family                          ; Cyclone V                                          ;
; Device                          ; 5CSXFC6D6F31C6                                     ;
; Timing Models                   ; Final                                              ;
; Logic utilization (in ALMs)     ; 7,496 / 41,910 ( 18 % )                            ;
; Total registers                 ; 13643                                              ;
; Total pins                      ; 9 / 499 ( 2 % )                                    ;
; Total virtual pins              ; 0                                                  ;
; Total block memory bits         ; 0 / 5,662,720 ( 0 % )                              ;
; Total DSP Blocks                ; 0 / 112 ( 0 % )                                    ;
; Total HSSI RX PCSs              ; 0 / 9 ( 0 % )                                      ;
; Total HSSI PMA RX Deserializers ; 0 / 9 ( 0 % )                                      ;
; Total HSSI TX PCSs              ; 0 / 9 ( 0 % )                                      ;
; Total HSSI PMA TX Serializers   ; 0 / 9 ( 0 % )                                      ;
; Total PLLs                      ; 1 / 15 ( 7 % )                                     ;
; Total DLLs                      ; 0 / 4 ( 0 % )                                      ;
+---------------------------------+----------------------------------------------------+


+-----------------------------------------+
; Flow Settings                           ;
+-------------------+---------------------+
; Option            ; Setting             ;
+-------------------+---------------------+
; Start date & time ; 04/27/2026 14:34:52 ;
; Main task         ; Compilation         ;
; Revision Name     ; JogodaVida          ;
+-------------------+---------------------+


+---------------------------------------------------------------------------------------------------------------------------+
; Flow Non-Default Global Settings                                                                                          ;
+-------------------------------------+----------------------------------------+---------------+---------------+------------+
; Assignment Name                     ; Value                                  ; Default Value ; Entity Name   ; Section Id ;
+-------------------------------------+----------------------------------------+---------------+---------------+------------+
; COMPILER_SIGNATURE_ID               ; 154691465295935.177731129220352        ; --            ; --            ; --         ;
; EDA_SIMULATION_TOOL                 ; Questa Intel FPGA (Verilog)            ; <None>        ; --            ; --         ;
; MAX_CORE_JUNCTION_TEMP              ; 85                                     ; --            ; --            ; --         ;
; MIN_CORE_JUNCTION_TEMP              ; 0                                      ; --            ; --            ; --         ;
; MISC_FILE                           ; contador.bsf                           ; --            ; --            ; --         ;
; MISC_FILE                           ; contador_bb.v                          ; --            ; --            ; --         ;
; PARTITION_COLOR                     ; -- (Not supported for targeted family) ; --            ; --            ; Top        ;
; PARTITION_COLOR                     ; -- (Not supported for targeted family) ; --            ; my_first_fpga ; Top        ;
; PARTITION_FITTER_PRESERVATION_LEVEL ; -- (Not supported for targeted family) ; --            ; --            ; Top        ;
; PARTITION_FITTER_PRESERVATION_LEVEL ; -- (Not supported for targeted family) ; --            ; my_first_fpga ; Top        ;
; PARTITION_NETLIST_TYPE              ; -- (Not supported for targeted family) ; --            ; --            ; Top        ;
; PARTITION_NETLIST_TYPE              ; -- (Not supported for targeted family) ; --            ; my_first_fpga ; Top        ;
; PROJECT_OUTPUT_DIRECTORY            ; output_files                           ; --            ; --            ; --         ;
+-------------------------------------+----------------------------------------+---------------+---------------+------------+


+--------------------------------------------------------------------------------------------------------------------------+
; Flow Elapsed Time                                                                                                        ;
+----------------------+--------------+-------------------------+---------------------+------------------------------------+
; Module Name          ; Elapsed Time ; Average Processors Used ; Peak Virtual Memory ; Total CPU Time (on all processors) ;
+----------------------+--------------+-------------------------+---------------------+------------------------------------+
; Analysis & Synthesis ; 00:00:31     ; 1.7                     ; 5131 MB             ; 00:00:54                           ;
; Fitter               ; 00:03:32     ; 1.3                     ; 6863 MB             ; 00:08:56                           ;
; Assembler            ; 00:00:09     ; 1.0                     ; 5348 MB             ; 00:00:09                           ;
; Timing Analyzer      ; 00:00:24     ; 2.8                     ; 5640 MB             ; 00:01:02                           ;
; Total                ; 00:04:36     ; --                      ; --                  ; 00:11:01                           ;
+----------------------+--------------+-------------------------+---------------------+------------------------------------+


+------------------------------------------------------------------------------------+
; Flow OS Summary                                                                    ;
+----------------------+------------------+------------+------------+----------------+
; Module Name          ; Machine Hostname ; OS Name    ; OS Version ; Processor type ;
+----------------------+------------------+------------+------------+----------------+
; Analysis & Synthesis ; PC-Gustavo       ; Windows 10 ; 10.0       ; x86_64         ;
; Fitter               ; PC-Gustavo       ; Windows 10 ; 10.0       ; x86_64         ;
; Assembler            ; PC-Gustavo       ; Windows 10 ; 10.0       ; x86_64         ;
; Timing Analyzer      ; PC-Gustavo       ; Windows 10 ; 10.0       ; x86_64         ;
+----------------------+------------------+------------+------------+----------------+


------------
; Flow Log ;
------------
quartus_map --read_settings_files=on --write_settings_files=off JogodaVida -c JogodaVida
quartus_fit --read_settings_files=off --write_settings_files=off JogodaVida -c JogodaVida
quartus_asm --read_settings_files=off --write_settings_files=off JogodaVida -c JogodaVida
quartus_sta JogodaVida -c JogodaVida



